<?xml version="1.0" encoding="UTF-8"?>
<!DOCTYPE suite SYSTEM "http://testng.org/testng-1.0.dtd" >
<<suite name="Edit test suite">

<test name="Edit" verbose="2">
    <parameter name="dataFile" value="src/test/data/data.json"/>
    <parameter name="secondDataFile" value="src/test/data2.json"/>
    <classes>

        <class name="BestPractices.ChangeInfoTest">
            <methods>
                <include name="changeUserDataTest" />
            </methods>
        </class>

        <class name="BestPractices.AddressesChangeTest">

            <methods>
                <include name="addOfNewAddressTest" />
            </methods>
        </class>

        <class name="BestPractices.Pages.Addresses.UpdateOfAddress">

            <methods>
                <include name="updateUserAddressesTest" />
            </methods>
        </class>

    </classes>
</test>

</suite>


