<?xml version="1.0" encoding="UTF-8"?>
<!DOCTYPE suite SYSTEM "http://testng.org/testng-1.0.dtd" >
<suite name="Simple test suite">
    <parameter name="dataFile" value="src/test/data/data.json"/>


    <test name="Information Edit" verbose="2">
        <parameter name="JSon data" value="src/test/data/data2.json"/>
        <classes>
            <class name="BestPractices.RegistrationTest">
                <methods>
                    <include name="RegistrationData" />
                </methods>
            </class>

        </classes>
    </test>

</suite>



